<?xml version="1.0" encoding="utf-8"?><testsuites name="pytest tests"><testsuite name="pytest" errors="0" failures="0" skipped="0" tests="92" time="34.207" timestamp="2026-07-01T16:35:23.209936+00:00" hostname="agent-env-dab616dd-92ff-4f90-9937-6aa91d108d84"><testcase classname="tests.backend_test.TestAuth" name="test_admin_login" time="0.405" /><testcase classname="tests.backend_test.TestAuth" name="test_student_login" time="0.274" /><testcase classname="tests.backend_test.TestAuth" name="test_invalid_login" time="0.048" /><testcase classname="tests.backend_test.TestAuth" name="test_me_admin" time="0.049" /><testcase classname="tests.backend_test.TestAuth" name="test_me_student" time="0.047" /><testcase classname="tests.backend_test.TestAuth" name="test_me_no_token" time="0.044" /><testcase classname="tests.backend_test.TestStudents" name="test_list_students_has_seeded" time="0.048" /><testcase classname="tests.backend_test.TestStudents" name="test_list_students_requires_auth" time="0.050" /><testcase classname="tests.backend_test.TestStudents" name="test_student_cannot_create" time="0.050" /><testcase classname="tests.backend_test.TestStudents" name="test_admin_create_student" time="0.323" /><testcase classname="tests.backend_test.TestStudents" name="test_duplicate_roll_number" time="0.051" /><testcase classname="tests.backend_test.TestStudents" name="test_duplicate_email" time="0.050" /><testcase classname="tests.backend_test.TestStudents" name="test_update_student" time="0.102" /><testcase classname="tests.backend_test.TestFace" name="test_enroll_requires_admin" time="0.090" /><testcase classname="tests.backend_test.TestFace" name="test_admin_enroll_face" time="0.093" /><testcase classname="tests.backend_test.TestFace" name="test_enroll_invalid_descriptor" time="0.046" /><testcase classname="tests.backend_test.TestFace" name="test_recognize_match_and_dedupe" time="0.097" /><testcase classname="tests.backend_test.TestFace" name="test_recognize_unmatched" time="0.047" /><testcase classname="tests.backend_test.TestAttendance" name="test_stats_admin" time="0.059" /><testcase classname="tests.backend_test.TestAttendance" name="test_stats_forbidden_for_student" time="0.047" /><testcase classname="tests.backend_test.TestAttendance" name="test_list_by_date_and_search" time="0.138" /><testcase classname="tests.backend_test.TestAttendance" name="test_me_stats_student" time="0.049" /><testcase classname="tests.backend_test.TestAttendance" name="test_me_stats_forbidden_for_admin" time="0.049" /><testcase classname="tests.backend_test.TestAttendance" name="test_export_csv_date" time="0.048" /><testcase classname="tests.backend_test.TestAttendance" name="test_export_csv_month" time="0.047" /><testcase classname="tests.backend_test.TestZCleanup" name="test_delete_created_student" time="0.092" /><testcase classname="tests.backend_test.TestZCleanup" name="test_delete_nonexistent" time="0.045" /><testcase classname="tests.test_change_password.TestLoginFlag" name="test_admin_login_has_flag_true" time="0.327" /><testcase classname="tests.test_change_password.TestLoginFlag" name="test_student_login_has_flag_true" time="0.274" /><testcase classname="tests.test_change_password.TestLoginFlag" name="test_me_has_flag_true" time="0.323" /><testcase classname="tests.test_change_password.TestChangePwValidation" name="test_no_token" time="0.047" /><testcase classname="tests.test_change_password.TestChangePwValidation" name="test_wrong_current" time="0.550" /><testcase classname="tests.test_change_password.TestChangePwValidation" name="test_short" time="0.269" /><testcase classname="tests.test_change_password.TestChangePwValidation" name="test_no_digit" time="0.271" /><testcase classname="tests.test_change_password.TestChangePwValidation" name="test_no_letter" time="0.268" /><testcase classname="tests.test_change_password.TestChangePwValidation" name="test_blocklist[admin123]" time="0.274" /><testcase classname="tests.test_change_password.TestChangePwValidation" name="test_blocklist[student123]" time="0.268" /><testcase classname="tests.test_change_password.TestChangePwValidation" name="test_blocklist[password]" time="0.268" /><testcase classname="tests.test_change_password.TestChangePwValidation" name="test_blocklist[12345678]" time="0.270" /><testcase classname="tests.test_change_password.TestChangePwValidation" name="test_same_as_current" time="0.270" /><testcase classname="tests.test_change_password.TestChangePwValidation" name="test_empty_new" time="0.266" /><testcase classname="tests.test_change_password.TestChangePwValidation" name="test_no_user_id_param_supported" time="0.046" /><testcase classname="tests.test_change_password.TestAdminChangeFlow" name="test_admin_change_success_then_old_fails_new_works" time="1.852" /><testcase classname="tests.test_change_password.TestStudentChangeAndRegression" name="test_student_change_and_regression_bundle" time="3.051" /><testcase classname="tests.test_mark_self.TestMarkSelfRoleGating" name="test_anonymous_401" time="0.156" /><testcase classname="tests.test_mark_self.TestMarkSelfRoleGating" name="test_admin_forbidden_403" time="1.049" /><testcase classname="tests.test_mark_self.TestMarkSelfRoleGating" name="test_short_descriptor_400" time="0.672" /><testcase classname="tests.test_mark_self.TestMarkSelfNotEnrolled" name="test_not_enrolled_returns_reason" time="4.510" /><testcase classname="tests.test_mark_self.TestMarkSelfHappyPath" name="test_matched_creates_attendance" time="0.156" /><testcase classname="tests.test_mark_self.TestMarkSelfHappyPath" name="test_second_call_already_marked_no_duplicate" time="0.169" /><testcase classname="tests.test_mark_self.TestMarkSelfNoMatch" name="test_random_descriptor_no_match_no_row" time="0.848" /><testcase classname="tests.test_mark_self.TestMarkSelfCrossUser" name="test_other_students_descriptor_does_not_mark_other" time="5.219" /><testcase classname="tests.test_mark_self.TestRecognizeRegression" name="test_admin_recognize_creates_and_dedupes" time="1.296" /><testcase classname="tests.test_security.TestSEC002_FaceRecognizeAuth" name="test_recognize_no_token_401" time="0.164" /><testcase classname="tests.test_security.TestSEC002_FaceRecognizeAuth" name="test_recognize_invalid_token_401" time="0.048" /><testcase classname="tests.test_security.TestSEC002_FaceRecognizeAuth" name="test_recognize_student_token_now_forbidden_admin_still_ok" time="1.176" /><testcase classname="tests.test_security.TestSEC003_StudentsAdminOnly" name="test_list_students_no_token_401" time="0.076" /><testcase classname="tests.test_security.TestSEC003_StudentsAdminOnly" name="test_list_students_student_token_403" time="0.051" /><testcase classname="tests.test_security.TestSEC003_StudentsAdminOnly" name="test_list_students_admin_token_200" time="0.049" /><testcase classname="tests.test_security.TestSEC003_StudentsAdminOnly" name="test_student_can_get_own_profile" time="0.093" /><testcase classname="tests.test_security.TestSEC003_StudentsAdminOnly" name="test_student_me_stats_ok" time="0.054" /><testcase classname="tests.test_security.TestSEC003_StudentsAdminOnly" name="test_student_attendance_only_own" time="0.413" /><testcase classname="tests.test_security.TestSEC003_StudentsAdminOnly" name="test_attendance_no_token_401" time="0.052" /><testcase classname="tests.test_security.TestSEC004_JWTFromEnv" name="test_admin_login_returns_jwt" time="0.320" /><testcase classname="tests.test_security.TestSEC004_JWTFromEnv" name="test_student_login_returns_jwt" time="0.318" /><testcase classname="tests.test_security.TestSEC004_JWTFromEnv" name="test_tampered_token_rejected" time="0.055" /><testcase classname="tests.test_security.TestSEC005_RegexEscape" name="test_search_with_regex_metachars_is_safe" time="0.050" /><testcase classname="tests.test_security.TestSEC005_RegexEscape" name="test_search_with_where_operator_is_safe" time="0.063" /><testcase classname="tests.test_security.TestSEC005_RegexEscape" name="test_search_with_pipe_alternation_is_literal" time="0.048" /><testcase classname="tests.test_security.TestSEC005_RegexEscape" name="test_month_with_regex_metachars_is_safe" time="0.049" /><testcase classname="tests.test_security.TestSEC005_RegexEscape" name="test_month_regex_metachars_export_safe" time="0.049" /><testcase classname="tests.test_security.TestUnauthorized" name="test_face_recognize_no_token" time="0.051" /><testcase classname="tests.test_security.TestUnauthorized" name="test_students_no_token" time="0.049" /><testcase classname="tests.test_security.TestUnauthorized" name="test_attendance_no_token" time="0.046" /><testcase classname="tests.test_security.TestUnauthorized" name="test_export_no_token" time="0.049" /><testcase classname="tests.test_security.TestUnauthorized" name="test_export_student_forbidden" time="0.047" /><testcase classname="tests.test_security_audit2.TestSEC001DataContinuity" name="test_seeded_admin_can_login" time="0.335" /><testcase classname="tests.test_security_audit2.TestSEC001DataContinuity" name="test_seeded_student_aarav_can_login" time="0.269" /><testcase classname="tests.test_security_audit2.TestSEC001DataContinuity" name="test_seeded_students_present_in_list" time="0.314" /><testcase classname="tests.test_security_audit2.TestSEC002RecognizeAdminOnly" name="test_anonymous_401" time="0.047" /><testcase classname="tests.test_security_audit2.TestSEC002RecognizeAdminOnly" name="test_student_token_403" time="0.319" /><testcase classname="tests.test_security_audit2.TestSEC002RecognizeAdminOnly" name="test_admin_still_works_and_dedupes" time="0.500" /><testcase classname="tests.test_security_audit2.TestSEC002MarkSelfImpersonation" name="test_impersonation_no_row_for_either" time="1.132" /><testcase classname="tests.test_security_audit2.TestSEC002MarkSelfImpersonation" name="test_mark_self_matched_no_biometric_and_dedupes" time="0.767" /><testcase classname="tests.test_security_audit2.TestSEC003NoBiometricLeak" name="test_list_students_no_biometric" time="0.046" /><testcase classname="tests.test_security_audit2.TestSEC003NoBiometricLeak" name="test_get_student_by_admin_no_biometric" time="0.089" /><testcase classname="tests.test_security_audit2.TestSEC003NoBiometricLeak" name="test_get_own_profile_student_no_biometric" time="0.087" /><testcase classname="tests.test_security_audit2.TestSEC003NoBiometricLeak" name="test_create_student_response_no_biometric" time="0.410" /><testcase classname="tests.test_security_audit2.TestSEC003NoBiometricLeak" name="test_update_student_response_no_biometric" time="0.402" /><testcase classname="tests.test_security_audit2.TestAuthBoundariesRegression" name="test_student_cannot_hit_admin_endpoints" time="0.131" /><testcase classname="tests.test_security_audit2.TestAuthBoundariesRegression" name="test_student_cannot_create_or_delete_student" time="0.044" /><testcase classname="tests.test_security_audit2.TestAuthBoundariesRegression" name="test_anonymous_cannot_hit_protected" time="0.259" /></testsuite></testsuites>