<?xml version="1.0" encoding="utf-8"?><testsuites name="pytest tests"><testsuite name="pytest" errors="0" failures="0" skipped="0" tests="75" time="15.784" timestamp="2026-07-01T16:21:31.495061+00:00" hostname="agent-env-dab616dd-92ff-4f90-9937-6aa91d108d84"><testcase classname="tests.backend_test.TestAttendance" name="test_stats_admin" time="0.608" /><testcase classname="tests.backend_test.TestStudents" name="test_list_students_has_seeded" time="0.690" /><testcase classname="tests.backend_test.TestStudents" name="test_list_students_requires_auth" time="0.230" /><testcase classname="tests.backend_test.TestAttendance" name="test_stats_forbidden_for_student" time="0.546" /><testcase classname="tests.backend_test.TestStudents" name="test_student_cannot_create" time="0.317" /><testcase classname="tests.backend_test.TestAttendance" name="test_list_by_date_and_search" time="0.365" /><testcase classname="tests.backend_test.TestStudents" name="test_admin_create_student" time="0.399" /><testcase classname="tests.backend_test.TestAttendance" name="test_me_stats_student" time="0.046" /><testcase classname="tests.backend_test.TestAttendance" name="test_me_stats_forbidden_for_admin" time="0.046" /><testcase classname="tests.backend_test.TestStudents" name="test_duplicate_roll_number" time="0.089" /><testcase classname="tests.backend_test.TestAttendance" name="test_export_csv_date" time="0.056" /><testcase classname="tests.backend_test.TestAttendance" name="test_export_csv_month" time="0.066" /><testcase classname="tests.backend_test.TestStudents" name="test_duplicate_email" time="0.089" /><testcase classname="tests.test_security.TestSEC003_StudentsAdminOnly" name="test_list_students_no_token_401" time="0.145" /><testcase classname="tests.backend_test.TestStudents" name="test_update_student" time="0.094" /><testcase classname="tests.backend_test.TestAuth" name="test_admin_login" time="0.000" /><testcase classname="tests.backend_test.TestAuth" name="test_student_login" time="0.000" /><testcase classname="tests.backend_test.TestAuth" name="test_invalid_login" time="0.044" /><testcase classname="tests.backend_test.TestAuth" name="test_me_admin" time="0.239" /><testcase classname="tests.backend_test.TestAuth" name="test_me_student" time="0.048" /><testcase classname="tests.test_security.TestSEC003_StudentsAdminOnly" name="test_list_students_student_token_403" time="0.402" /><testcase classname="tests.backend_test.TestAuth" name="test_me_no_token" time="0.050" /><testcase classname="tests.backend_test.TestFace" name="test_enroll_requires_admin" time="0.296" /><testcase classname="tests.test_security.TestSEC003_StudentsAdminOnly" name="test_list_students_admin_token_200" time="0.315" /><testcase classname="tests.backend_test.TestFace" name="test_admin_enroll_face" time="0.094" /><testcase classname="tests.test_security.TestSEC003_StudentsAdminOnly" name="test_student_can_get_own_profile" time="0.092" /><testcase classname="tests.backend_test.TestFace" name="test_enroll_invalid_descriptor" time="0.089" /><testcase classname="tests.test_security.TestSEC003_StudentsAdminOnly" name="test_student_me_stats_ok" time="0.050" /><testcase classname="tests.backend_test.TestFace" name="test_recognize_match_and_dedupe" time="0.103" /><testcase classname="tests.test_security.TestSEC003_StudentsAdminOnly" name="test_student_attendance_only_own" time="0.060" /><testcase classname="tests.test_security.TestSEC003_StudentsAdminOnly" name="test_attendance_no_token_401" time="0.044" /><testcase classname="tests.backend_test.TestFace" name="test_recognize_unmatched" time="0.048" /><testcase classname="tests.test_security.TestUnauthorized" name="test_face_recognize_no_token" time="0.084" /><testcase classname="tests.test_security.TestUnauthorized" name="test_students_no_token" time="0.042" /><testcase classname="tests.test_security.TestUnauthorized" name="test_attendance_no_token" time="0.250" /><testcase classname="tests.test_security.TestUnauthorized" name="test_export_no_token" time="0.089" /><testcase classname="tests.test_security.TestSEC005_RegexEscape" name="test_search_with_regex_metachars_is_safe" time="0.420" /><testcase classname="tests.test_security.TestSEC005_RegexEscape" name="test_search_with_where_operator_is_safe" time="0.047" /><testcase classname="tests.test_security.TestUnauthorized" name="test_export_student_forbidden" time="0.089" /><testcase classname="tests.test_security.TestSEC005_RegexEscape" name="test_search_with_pipe_alternation_is_literal" time="0.044" /><testcase classname="tests.test_security.TestSEC005_RegexEscape" name="test_month_with_regex_metachars_is_safe" time="0.045" /><testcase classname="tests.test_security.TestSEC005_RegexEscape" name="test_month_regex_metachars_export_safe" time="0.071" /><testcase classname="tests.test_mark_self.TestMarkSelfRoleGating" name="test_anonymous_401" time="0.245" /><testcase classname="tests.test_security_audit2.TestSEC003NoBiometricLeak" name="test_list_students_no_biometric" time="0.637" /><testcase classname="tests.test_security_audit2.TestSEC003NoBiometricLeak" name="test_get_student_by_admin_no_biometric" time="0.362" /><testcase classname="tests.test_mark_self.TestMarkSelfRoleGating" name="test_admin_forbidden_403" time="0.363" /><testcase classname="tests.test_mark_self.TestMarkSelfRoleGating" name="test_short_descriptor_400" time="0.880" /><testcase classname="tests.test_security_audit2.TestSEC003NoBiometricLeak" name="test_get_own_profile_student_no_biometric" time="0.606" /><testcase classname="tests.test_security.TestSEC002_FaceRecognizeAuth" name="test_recognize_no_token_401" time="0.283" /><testcase classname="tests.test_security_audit2.TestSEC003NoBiometricLeak" name="test_create_student_response_no_biometric" time="0.860" /><testcase classname="tests.test_security.TestSEC002_FaceRecognizeAuth" name="test_recognize_invalid_token_401" time="0.043" /><testcase classname="tests.test_security.TestSEC002_FaceRecognizeAuth" name="test_recognize_student_token_now_forbidden_admin_still_ok" time="1.211" /><testcase classname="tests.test_security_audit2.TestSEC003NoBiometricLeak" name="test_update_student_response_no_biometric" time="0.724" /><testcase classname="tests.test_security_audit2.TestSEC001DataContinuity" name="test_seeded_admin_can_login" time="0.331" /><testcase classname="tests.test_security.TestSEC004_JWTFromEnv" name="test_admin_login_returns_jwt" time="0.743" /><testcase classname="tests.test_security_audit2.TestSEC001DataContinuity" name="test_seeded_student_aarav_can_login" time="0.458" /><testcase classname="tests.test_security.TestSEC004_JWTFromEnv" name="test_student_login_returns_jwt" time="0.521" /><testcase classname="tests.test_security_audit2.TestSEC001DataContinuity" name="test_seeded_students_present_in_list" time="0.551" /><testcase classname="tests.test_security_audit2.TestSEC002RecognizeAdminOnly" name="test_anonymous_401" time="0.250" /><testcase classname="tests.test_security.TestSEC004_JWTFromEnv" name="test_tampered_token_rejected" time="0.553" /><testcase classname="tests.test_security_audit2.TestSEC002RecognizeAdminOnly" name="test_student_token_403" time="0.658" /><testcase classname="tests.test_security_audit2.TestAuthBoundariesRegression" name="test_student_cannot_hit_admin_endpoints" time="0.658" /><testcase classname="tests.test_security_audit2.TestSEC002RecognizeAdminOnly" name="test_admin_still_works_and_dedupes" time="0.740" /><testcase classname="tests.test_security_audit2.TestAuthBoundariesRegression" name="test_student_cannot_create_or_delete_student" time="0.090" /><testcase classname="tests.test_security_audit2.TestAuthBoundariesRegression" name="test_anonymous_cannot_hit_protected" time="0.344" /><testcase classname="tests.backend_test.TestZCleanup" name="test_delete_created_student" time="0.303" /><testcase classname="tests.backend_test.TestZCleanup" name="test_delete_nonexistent" time="0.276" /><testcase classname="tests.test_mark_self.TestMarkSelfHappyPath" name="test_matched_creates_attendance" time="1.706" /><testcase classname="tests.test_mark_self.TestMarkSelfNotEnrolled" name="test_not_enrolled_returns_reason" time="1.141" /><testcase classname="tests.test_mark_self.TestMarkSelfHappyPath" name="test_second_call_already_marked_no_duplicate" time="0.630" /><testcase classname="tests.test_mark_self.TestMarkSelfNoMatch" name="test_random_descriptor_no_match_no_row" time="0.996" /><testcase classname="tests.test_security_audit2.TestSEC002MarkSelfImpersonation" name="test_impersonation_no_row_for_either" time="2.172" /><testcase classname="tests.test_mark_self.TestMarkSelfCrossUser" name="test_other_students_descriptor_does_not_mark_other" time="2.033" /><testcase classname="tests.test_security_audit2.TestSEC002MarkSelfImpersonation" name="test_mark_self_matched_no_biometric_and_dedupes" time="0.961" /><testcase classname="tests.test_mark_self.TestRecognizeRegression" name="test_admin_recognize_creates_and_dedupes" time="0.930" /></testsuite></testsuites>