<?xml version="1.0" encoding="utf-8"?><testsuites name="pytest tests"><testsuite name="pytest" errors="0" failures="0" skipped="0" tests="17" time="10.630" timestamp="2026-07-01T16:33:35.830774+00:00" hostname="agent-env-dab616dd-92ff-4f90-9937-6aa91d108d84"><testcase classname="tests.test_change_password.TestLoginFlag" name="test_admin_login_has_flag_true" time="0.489" /><testcase classname="tests.test_change_password.TestLoginFlag" name="test_student_login_has_flag_true" time="0.273" /><testcase classname="tests.test_change_password.TestLoginFlag" name="test_me_has_flag_true" time="0.323" /><testcase classname="tests.test_change_password.TestChangePwValidation" name="test_no_token" time="0.049" /><testcase classname="tests.test_change_password.TestChangePwValidation" name="test_wrong_current" time="0.561" /><testcase classname="tests.test_change_password.TestChangePwValidation" name="test_short" time="0.277" /><testcase classname="tests.test_change_password.TestChangePwValidation" name="test_no_digit" time="0.268" /><testcase classname="tests.test_change_password.TestChangePwValidation" name="test_no_letter" time="0.274" /><testcase classname="tests.test_change_password.TestChangePwValidation" name="test_blocklist[admin123]" time="0.727" /><testcase classname="tests.test_change_password.TestChangePwValidation" name="test_blocklist[student123]" time="0.273" /><testcase classname="tests.test_change_password.TestChangePwValidation" name="test_blocklist[password]" time="0.505" /><testcase classname="tests.test_change_password.TestChangePwValidation" name="test_blocklist[12345678]" time="0.493" /><testcase classname="tests.test_change_password.TestChangePwValidation" name="test_same_as_current" time="0.272" /><testcase classname="tests.test_change_password.TestChangePwValidation" name="test_empty_new" time="0.732" /><testcase classname="tests.test_change_password.TestChangePwValidation" name="test_no_user_id_param_supported" time="0.045" /><testcase classname="tests.test_change_password.TestAdminChangeFlow" name="test_admin_change_success_then_old_fails_new_works" time="1.835" /><testcase classname="tests.test_change_password.TestStudentChangeAndRegression" name="test_student_change_and_regression_bundle" time="3.079" /></testsuite></testsuites>