<?xml version="1.0" encoding="utf-8"?><testsuites name="pytest tests"><testsuite name="pytest" errors="0" failures="0" skipped="0" tests="15" time="17.172" timestamp="2026-07-01T17:08:00.170855+00:00" hostname="agent-env-dab616dd-92ff-4f90-9937-6aa91d108d84"><testcase classname="tests.test_sec001_seed_flow.TestSEC001E2E" name="test_01_admin_login_with_env_credentials_succeeds" time="0.820" /><testcase classname="tests.test_sec001_seed_flow.TestSEC001E2E" name="test_02_old_hardcoded_admin_password_rejected" time="0.373" /><testcase classname="tests.test_sec001_seed_flow.TestSEC001E2E" name="test_03_old_sample_student_login_rejected" time="0.133" /><testcase classname="tests.test_sec001_seed_flow.TestSEC001E2E" name="test_04_students_list_has_no_seed_students" time="1.347" /><testcase classname="tests.test_sec001_seed_flow.TestSEC001E2E" name="test_05_seed_guard_missing_both_env_vars_raises_runtime_error" time="1.088" /><testcase classname="tests.test_sec001_seed_flow.TestSEC001E2E" name="test_06_seed_guard_missing_password_only_raises" time="0.940" /><testcase classname="tests.test_sec001_seed_flow.TestSEC001E2E" name="test_07_seed_guard_weak_password_raises" time="1.017" /><testcase classname="tests.test_sec001_seed_flow.TestSEC001E2E" name="test_08_scratch_db_cleanup" time="0.002" /><testcase classname="tests.test_sec001_seed_flow.TestSEC001E2E" name="test_09_admin_forced_change_lifecycle" time="2.213" /><testcase classname="tests.test_sec001_seed_flow.TestSEC001E2E" name="test_10_student_created_is_force_pw_gated" time="3.384" /><testcase classname="tests.test_sec001_seed_flow.TestSEC001E2E" name="test_11_face_enroll_mark_self_and_impersonation" time="2.282" /><testcase classname="tests.test_sec001_seed_flow.TestSEC001E2E" name="test_12_face_recognize_admin_only" time="1.480" /><testcase classname="tests.test_sec001_seed_flow.TestSEC001E2E" name="test_13_attendance_filters" time="0.331" /><testcase classname="tests.test_sec001_seed_flow.TestSEC001E2E" name="test_14_csv_export" time="0.338" /><testcase classname="tests.test_sec001_seed_flow.TestSEC001E2E" name="test_15_no_face_image_in_any_endpoint" time="1.274" /></testsuite></testsuites>