<?xml version="1.0" encoding="utf-8"?><testsuites name="pytest tests"><testsuite name="pytest" errors="0" failures="10" skipped="0" tests="28" time="14.766" timestamp="2026-07-01T17:22:31.043130+00:00" hostname="agent-env-dab616dd-92ff-4f90-9937-6aa91d108d84"><testcase classname="tests.test_sec001_seed_flow.TestSEC001E2E" name="test_01_admin_login_with_env_credentials_succeeds" time="1.024" /><testcase classname="tests.test_sec001_seed_flow.TestSEC001E2E" name="test_02_old_hardcoded_admin_password_rejected" time="0.518" /><testcase classname="tests.test_sec001_seed_flow.TestSEC001E2E" name="test_03_old_sample_student_login_rejected" time="0.486" /><testcase classname="tests.test_sec001_seed_flow.TestSEC001E2E" name="test_04_students_list_has_no_seed_students" time="1.631" /><testcase classname="tests.test_onboarding.TestOnboardingE2E" name="test_01_status_shape_and_fresh_state" time="2.783"><failure message="AssertionError: {&quot;detail&quot;:&quot;Password change required. Please change your password before continuing.&quot;}&#10;assert 403 == 200&#10; +  where 403 = &lt;Response [403]&gt;.status_code">backend/tests/test_onboarding.py:139: in test_01_status_shape_and_fresh_state
    assert r.status_code == 200, r.text
E   AssertionError: {"detail":"Password change required. Please change your password before continuing."}
E   assert 403 == 200
E    +  where 403 = &lt;Response [403]&gt;.status_code</failure></testcase><testcase classname="tests.test_onboarding.TestOnboardingE2E" name="test_02_admin_only_gate" time="2.142" /><testcase classname="tests.test_sec001_seed_flow.TestSEC001E2E" name="test_05_seed_guard_missing_both_env_vars_raises_runtime_error" time="1.112" /><testcase classname="tests.test_sec001_seed_flow.TestSEC001E2E" name="test_06_seed_guard_missing_password_only_raises" time="0.988" /><testcase classname="tests.test_onboarding.TestOnboardingE2E" name="test_03_add_student_auto_completes" time="0.141" /><testcase classname="tests.test_onboarding.TestOnboardingE2E" name="test_04_enroll_face_auto_completes" time="0.637" /><testcase classname="tests.test_onboarding.TestOnboardingE2E" name="test_05_visit_scan_toggle" time="0.275" /><testcase classname="tests.test_sec001_seed_flow.TestSEC001E2E" name="test_07_seed_guard_weak_password_raises" time="0.948" /><testcase classname="tests.test_onboarding.TestOnboardingE2E" name="test_06_unknown_visit_step_returns_400" time="0.124" /><testcase classname="tests.test_onboarding.TestOnboardingE2E" name="test_07_first_attendance_via_recognize" time="0.655" /><testcase classname="tests.test_sec001_seed_flow.TestSEC001E2E" name="test_08_scratch_db_cleanup" time="0.001" /><testcase classname="tests.test_sec001_seed_flow.TestSEC001E2E" name="test_09_admin_forced_change_lifecycle" time="2.520" /><testcase classname="tests.test_onboarding.TestOnboardingE2E" name="test_08_visit_report_toggle" time="0.145" /><testcase classname="tests.test_onboarding.TestOnboardingE2E" name="test_09_auto_dismiss_at_100" time="0.105"><failure message="KeyError: 'steps'">backend/tests/test_onboarding.py:274: in test_09_auto_dismiss_at_100
    steps = _steps_dict(st)
            ^^^^^^^^^^^^^^^
backend/tests/test_onboarding.py:120: in _steps_dict
    return {s["key"]: s["done"] for s in status["steps"]}
                                         ^^^^^^^^^^^^^^^
E   KeyError: 'steps'</failure></testcase><testcase classname="tests.test_onboarding.TestOnboardingE2E" name="test_10_explicit_dismiss_idempotent" time="0.266"><failure message="AssertionError: {&quot;detail&quot;:&quot;Password change required. Please change your password before continuing.&quot;}&#10;assert 403 == 200&#10; +  where 403 = &lt;Response [403]&gt;.status_code">backend/tests/test_onboarding.py:288: in test_10_explicit_dismiss_idempotent
    assert r1.status_code == 200, r1.text
E   AssertionError: {"detail":"Password change required. Please change your password before continuing."}
E   assert 403 == 200
E    +  where 403 = &lt;Response [403]&gt;.status_code</failure></testcase><testcase classname="tests.test_onboarding.TestOnboardingE2E" name="test_11_force_password_change_gate" time="1.264"><failure message="AssertionError: {&quot;dismissed&quot;:false,&quot;steps&quot;:[{&quot;key&quot;:&quot;add_student&quot;,&quot;label&quot;:&quot;Add your first student&quot;,&quot;done&quot;:true},{&quot;key&quot;:&quot;enroll_face&quot;,&quot;label&quot;:&quot;Enroll a student face&quot;,&quot;done&quot;:true},{&quot;key&quot;:&quot;visit_scan&quot;,&quot;label&quot;:&quot;Open the face scanner&quot;,&quot;done&quot;:false},{&quot;key&quot;:&quot;first_attendance&quot;,&quot;label&quot;:&quot;Mark first attendance&quot;,&quot;done&quot;:true},{&quot;key&quot;:&quot;visit_report&quot;,&quot;label&quot;:&quot;View attendance report&quot;,&quot;done&quot;:false}],&quot;completed&quot;:3,&quot;total&quot;:5}&#10;assert 200 == 403&#10; +  where 200 = &lt;Response [200]&gt;.status_code">backend/tests/test_onboarding.py:306: in test_11_force_password_change_gate
    assert gr.status_code == 403, gr.text
E   AssertionError: {"dismissed":false,"steps":[{"key":"add_student","label":"Add your first student","done":true},{"key":"enroll_face","label":"Enroll a student face","done":true},{"key":"visit_scan","label":"Open the face scanner","done":false},{"key":"first_attendance","label":"Mark first attendance","done":true},{"key":"visit_report","label":"View attendance report","done":false}],"completed":3,"total":5}
E   assert 200 == 403
E    +  where 200 = &lt;Response [200]&gt;.status_code</failure></testcase><testcase classname="tests.test_onboarding.TestOnboardingE2E" name="test_12_face_recognize_still_admin_only" time="2.352" /><testcase classname="tests.test_onboarding.TestOnboardingE2E" name="test_13_no_biometric_leak" time="1.610" /><testcase classname="tests.test_sec001_seed_flow.TestSEC001E2E" name="test_10_student_created_is_force_pw_gated" time="3.131"><failure message="assert 401 == 200&#10; +  where 401 = &lt;Response [401]&gt;.status_code">backend/tests/test_sec001_seed_flow.py:254: in test_10_student_created_is_force_pw_gated
    assert cp.status_code == 200
E   assert 401 == 200
E    +  where 401 = &lt;Response [401]&gt;.status_code</failure></testcase><testcase classname="tests.test_sec001_seed_flow.TestSEC001E2E" name="test_11_face_enroll_mark_self_and_impersonation" time="0.544"><failure message="AssertionError: {&quot;detail&quot;:&quot;Password change required. Please change your password before continuing.&quot;}&#10;assert 403 == 200&#10; +  where 403 = &lt;Response [403]&gt;.status_code">backend/tests/test_sec001_seed_flow.py:266: in test_11_face_enroll_mark_self_and_impersonation
    sb = _mk_student(admin_token, f"faceB_{suf}")
         ^^^^^^^^^^^^^^^^^^^^^^^^^^^^^^^^^^^^^^^^
backend/tests/test_sec001_seed_flow.py:132: in _mk_student
    assert r.status_code == 200, r.text
E   AssertionError: {"detail":"Password change required. Please change your password before continuing."}
E   assert 403 == 200
E    +  where 403 = &lt;Response [403]&gt;.status_code</failure></testcase><testcase classname="tests.test_sec001_seed_flow.TestSEC001E2E" name="test_12_face_recognize_admin_only" time="0.113"><failure message="assert 403 == 200&#10; +  where 403 = &lt;Response [403]&gt;.status_code">backend/tests/test_sec001_seed_flow.py:301: in test_12_face_recognize_admin_only
    assert r.status_code == 200
E   assert 403 == 200
E    +  where 403 = &lt;Response [403]&gt;.status_code</failure></testcase><testcase classname="tests.test_sec001_seed_flow.TestSEC001E2E" name="test_13_attendance_filters" time="0.109"><failure message="AssertionError: params={'date': '2026-01-15'} body={&quot;detail&quot;:&quot;Password change required. Please change your password before continuing.&quot;}&#10;assert 403 == 200&#10; +  where 403 = &lt;Response [403]&gt;.status_code">backend/tests/test_sec001_seed_flow.py:321: in test_13_attendance_filters
    assert r.status_code == 200, f"params={params} body={r.text}"
E   AssertionError: params={'date': '2026-01-15'} body={"detail":"Password change required. Please change your password before continuing."}
E   assert 403 == 200
E    +  where 403 = &lt;Response [403]&gt;.status_code</failure></testcase><testcase classname="tests.test_sec001_seed_flow.TestSEC001E2E" name="test_14_csv_export" time="0.104"><failure message="assert 403 == 200&#10; +  where 403 = &lt;Response [403]&gt;.status_code">backend/tests/test_sec001_seed_flow.py:325: in test_14_csv_export
    assert r.status_code == 200
E   assert 403 == 200
E    +  where 403 = &lt;Response [403]&gt;.status_code</failure></testcase><testcase classname="tests.test_sec001_seed_flow.TestSEC001E2E" name="test_15_no_face_image_in_any_endpoint" time="0.329"><failure message="AssertionError: {&quot;detail&quot;:&quot;Password change required. Please change your password before continuing.&quot;}&#10;assert 403 == 200&#10; +  where 403 = &lt;Response [403]&gt;.status_code">backend/tests/test_sec001_seed_flow.py:332: in test_15_no_face_image_in_any_endpoint
    s = _mk_student(admin_token, suf)
        ^^^^^^^^^^^^^^^^^^^^^^^^^^^^^
backend/tests/test_sec001_seed_flow.py:132: in _mk_student
    assert r.status_code == 200, r.text
E   AssertionError: {"detail":"Password change required. Please change your password before continuing."}
E   assert 403 == 200
E    +  where 403 = &lt;Response [403]&gt;.status_code</failure></testcase></testsuite></testsuites>