<?xml version="1.0" encoding="utf-8"?><testsuites name="pytest tests"><testsuite name="pytest" errors="0" failures="0" skipped="0" tests="13" time="9.391" timestamp="2026-07-01T17:23:06.071174+00:00" hostname="agent-env-dab616dd-92ff-4f90-9937-6aa91d108d84"><testcase classname="tests.test_onboarding.TestOnboardingE2E" name="test_01_status_shape_and_fresh_state" time="1.910" /><testcase classname="tests.test_onboarding.TestOnboardingE2E" name="test_02_admin_only_gate" time="1.427" /><testcase classname="tests.test_onboarding.TestOnboardingE2E" name="test_03_add_student_auto_completes" time="0.148" /><testcase classname="tests.test_onboarding.TestOnboardingE2E" name="test_04_enroll_face_auto_completes" time="0.564" /><testcase classname="tests.test_onboarding.TestOnboardingE2E" name="test_05_visit_scan_toggle" time="0.234" /><testcase classname="tests.test_onboarding.TestOnboardingE2E" name="test_06_unknown_visit_step_returns_400" time="0.137" /><testcase classname="tests.test_onboarding.TestOnboardingE2E" name="test_07_first_attendance_via_recognize" time="0.668" /><testcase classname="tests.test_onboarding.TestOnboardingE2E" name="test_08_visit_report_toggle" time="0.105" /><testcase classname="tests.test_onboarding.TestOnboardingE2E" name="test_09_auto_dismiss_at_100" time="0.214" /><testcase classname="tests.test_onboarding.TestOnboardingE2E" name="test_10_explicit_dismiss_idempotent" time="0.369" /><testcase classname="tests.test_onboarding.TestOnboardingE2E" name="test_11_force_password_change_gate" time="1.327" /><testcase classname="tests.test_onboarding.TestOnboardingE2E" name="test_12_face_recognize_still_admin_only" time="1.344" /><testcase classname="tests.test_onboarding.TestOnboardingE2E" name="test_13_no_biometric_leak" time="0.879" /></testsuite></testsuites>