<?xml version="1.0" encoding="utf-8"?><testsuites name="pytest tests"><testsuite name="pytest" errors="0" failures="0" skipped="0" tests="113" time="34.349" timestamp="2026-07-01T16:49:31.906718+00:00" hostname="agent-env-dab616dd-92ff-4f90-9937-6aa91d108d84"><testcase classname="tests.backend_test.TestAuth" name="test_admin_login" time="1.390" /><testcase classname="tests.backend_test.TestAuth" name="test_student_login" time="0.263" /><testcase classname="tests.backend_test.TestAuth" name="test_invalid_login" time="0.045" /><testcase classname="tests.backend_test.TestAuth" name="test_me_admin" time="0.045" /><testcase classname="tests.backend_test.TestAuth" name="test_me_student" time="0.049" /><testcase classname="tests.backend_test.TestAuth" name="test_me_no_token" time="0.040" /><testcase classname="tests.backend_test.TestStudents" name="test_list_students_has_seeded" time="0.045" /><testcase classname="tests.backend_test.TestStudents" name="test_list_students_requires_auth" time="0.045" /><testcase classname="tests.backend_test.TestStudents" name="test_student_cannot_create" time="0.049" /><testcase classname="tests.backend_test.TestStudents" name="test_admin_create_student" time="0.321" /><testcase classname="tests.backend_test.TestStudents" name="test_duplicate_roll_number" time="0.045" /><testcase classname="tests.backend_test.TestStudents" name="test_duplicate_email" time="0.047" /><testcase classname="tests.backend_test.TestStudents" name="test_update_student" time="0.092" /><testcase classname="tests.backend_test.TestFace" name="test_enroll_requires_admin" time="0.093" /><testcase classname="tests.backend_test.TestFace" name="test_admin_enroll_face" time="0.088" /><testcase classname="tests.backend_test.TestFace" name="test_enroll_invalid_descriptor" time="0.065" /><testcase classname="tests.backend_test.TestFace" name="test_recognize_match_and_dedupe" time="0.094" /><testcase classname="tests.backend_test.TestFace" name="test_recognize_unmatched" time="0.047" /><testcase classname="tests.backend_test.TestAttendance" name="test_stats_admin" time="0.048" /><testcase classname="tests.backend_test.TestAttendance" name="test_stats_forbidden_for_student" time="0.041" /><testcase classname="tests.backend_test.TestAttendance" name="test_list_by_date_and_search" time="0.165" /><testcase classname="tests.backend_test.TestAttendance" name="test_me_stats_student" time="0.048" /><testcase classname="tests.backend_test.TestAttendance" name="test_me_stats_forbidden_for_admin" time="0.047" /><testcase classname="tests.backend_test.TestAttendance" name="test_export_csv_date" time="0.045" /><testcase classname="tests.backend_test.TestAttendance" name="test_export_csv_month" time="0.047" /><testcase classname="tests.backend_test.TestZCleanup" name="test_delete_created_student" time="0.089" /><testcase classname="tests.backend_test.TestZCleanup" name="test_delete_nonexistent" time="0.044" /><testcase classname="tests.test_change_password.TestLoginFlag" name="test_admin_login_has_flag_true" time="0.775" /><testcase classname="tests.test_change_password.TestLoginFlag" name="test_student_login_has_flag_true" time="0.303" /><testcase classname="tests.test_change_password.TestLoginFlag" name="test_me_has_flag_true" time="0.344" /><testcase classname="tests.test_change_password.TestChangePwValidation" name="test_no_token" time="0.043" /><testcase classname="tests.test_change_password.TestChangePwValidation" name="test_wrong_current" time="0.570" /><testcase classname="tests.test_change_password.TestChangePwValidation" name="test_short" time="0.269" /><testcase classname="tests.test_change_password.TestChangePwValidation" name="test_no_digit" time="0.265" /><testcase classname="tests.test_change_password.TestChangePwValidation" name="test_no_letter" time="0.306" /><testcase classname="tests.test_change_password.TestChangePwValidation" name="test_blocklist[admin123]" time="0.269" /><testcase classname="tests.test_change_password.TestChangePwValidation" name="test_blocklist[student123]" time="0.266" /><testcase classname="tests.test_change_password.TestChangePwValidation" name="test_blocklist[password]" time="0.266" /><testcase classname="tests.test_change_password.TestChangePwValidation" name="test_blocklist[12345678]" time="0.264" /><testcase classname="tests.test_change_password.TestChangePwValidation" name="test_same_as_current" time="0.270" /><testcase classname="tests.test_change_password.TestChangePwValidation" name="test_empty_new" time="0.266" /><testcase classname="tests.test_change_password.TestChangePwValidation" name="test_no_user_id_param_supported" time="0.042" /><testcase classname="tests.test_change_password.TestAdminChangeFlow" name="test_admin_change_success_then_old_fails_new_works" time="1.858" /><testcase classname="tests.test_change_password.TestStudentChangeAndRegression" name="test_student_change_and_regression_bundle" time="3.062" /><testcase classname="tests.test_force_password_change.TestLoginReachable" name="test_admin_can_still_login" time="0.837" /><testcase classname="tests.test_force_password_change.TestLoginReachable" name="test_student_can_still_login" time="0.278" /><testcase classname="tests.test_force_password_change.TestExemptedEndpoints" name="test_admin_me_reachable" time="0.339" /><testcase classname="tests.test_force_password_change.TestExemptedEndpoints" name="test_student_me_reachable" time="0.321" /><testcase classname="tests.test_force_password_change.TestExemptedEndpoints" name="test_admin_change_password_bad_current" time="0.561" /><testcase classname="tests.test_force_password_change.TestExemptedEndpoints" name="test_student_change_password_weak" time="0.563" /><testcase classname="tests.test_force_password_change.TestAdminBlocked" name="test_list_students_blocked" time="0.343" /><testcase classname="tests.test_force_password_change.TestAdminBlocked" name="test_create_student_blocked" time="0.053" /><testcase classname="tests.test_force_password_change.TestAdminBlocked" name="test_update_student_blocked" time="0.051" /><testcase classname="tests.test_force_password_change.TestAdminBlocked" name="test_delete_student_blocked" time="0.057" /><testcase classname="tests.test_force_password_change.TestAdminBlocked" name="test_enroll_face_blocked" time="0.051" /><testcase classname="tests.test_force_password_change.TestAdminBlocked" name="test_face_recognize_blocked" time="0.066" /><testcase classname="tests.test_force_password_change.TestAdminBlocked" name="test_attendance_list_blocked" time="0.060" /><testcase classname="tests.test_force_password_change.TestAdminBlocked" name="test_attendance_stats_blocked" time="0.067" /><testcase classname="tests.test_force_password_change.TestAdminBlocked" name="test_attendance_export_blocked" time="0.066" /><testcase classname="tests.test_force_password_change.TestStudentBlocked" name="test_attendance_list_blocked" time="0.331" /><testcase classname="tests.test_force_password_change.TestStudentBlocked" name="test_me_stats_blocked" time="0.051" /><testcase classname="tests.test_force_password_change.TestStudentBlocked" name="test_get_own_profile_blocked" time="0.052" /><testcase classname="tests.test_force_password_change.TestStudentBlocked" name="test_mark_self_blocked" time="0.056" /><testcase classname="tests.test_force_password_change.TestPostChangeUnlocks" name="test_admin_can_access_after_change" time="1.334" /><testcase classname="tests.test_force_password_change.TestPostChangeUnlocks" name="test_student_can_access_after_change" time="1.781" /><testcase classname="tests.test_mark_self.TestMarkSelfRoleGating" name="test_anonymous_401" time="0.146" /><testcase classname="tests.test_mark_self.TestMarkSelfRoleGating" name="test_admin_forbidden_403" time="0.314" /><testcase classname="tests.test_mark_self.TestMarkSelfRoleGating" name="test_short_descriptor_400" time="0.647" /><testcase classname="tests.test_mark_self.TestMarkSelfNotEnrolled" name="test_not_enrolled_returns_reason" time="0.581" /><testcase classname="tests.test_mark_self.TestMarkSelfHappyPath" name="test_matched_creates_attendance" time="0.144" /><testcase classname="tests.test_mark_self.TestMarkSelfHappyPath" name="test_second_call_already_marked_no_duplicate" time="0.139" /><testcase classname="tests.test_mark_self.TestMarkSelfNoMatch" name="test_random_descriptor_no_match_no_row" time="0.761" /><testcase classname="tests.test_mark_self.TestMarkSelfCrossUser" name="test_other_students_descriptor_does_not_mark_other" time="1.187" /><testcase classname="tests.test_mark_self.TestRecognizeRegression" name="test_admin_recognize_creates_and_dedupes" time="0.749" /><testcase classname="tests.test_security.TestSEC002_FaceRecognizeAuth" name="test_recognize_no_token_401" time="0.114" /><testcase classname="tests.test_security.TestSEC002_FaceRecognizeAuth" name="test_recognize_invalid_token_401" time="0.053" /><testcase classname="tests.test_security.TestSEC002_FaceRecognizeAuth" name="test_recognize_student_token_now_forbidden_admin_still_ok" time="1.087" /><testcase classname="tests.test_security.TestSEC003_StudentsAdminOnly" name="test_list_students_no_token_401" time="0.050" /><testcase classname="tests.test_security.TestSEC003_StudentsAdminOnly" name="test_list_students_student_token_403" time="0.052" /><testcase classname="tests.test_security.TestSEC003_StudentsAdminOnly" name="test_list_students_admin_token_200" time="0.055" /><testcase classname="tests.test_security.TestSEC003_StudentsAdminOnly" name="test_student_can_get_own_profile" time="0.104" /><testcase classname="tests.test_security.TestSEC003_StudentsAdminOnly" name="test_student_me_stats_ok" time="0.079" /><testcase classname="tests.test_security.TestSEC003_StudentsAdminOnly" name="test_student_attendance_only_own" time="0.054" /><testcase classname="tests.test_security.TestSEC003_StudentsAdminOnly" name="test_attendance_no_token_401" time="0.049" /><testcase classname="tests.test_security.TestSEC004_JWTFromEnv" name="test_admin_login_returns_jwt" time="0.323" /><testcase classname="tests.test_security.TestSEC004_JWTFromEnv" name="test_student_login_returns_jwt" time="0.319" /><testcase classname="tests.test_security.TestSEC004_JWTFromEnv" name="test_tampered_token_rejected" time="0.050" /><testcase classname="tests.test_security.TestSEC005_RegexEscape" name="test_search_with_regex_metachars_is_safe" time="0.048" /><testcase classname="tests.test_security.TestSEC005_RegexEscape" name="test_search_with_where_operator_is_safe" time="0.050" /><testcase classname="tests.test_security.TestSEC005_RegexEscape" name="test_search_with_pipe_alternation_is_literal" time="0.053" /><testcase classname="tests.test_security.TestSEC005_RegexEscape" name="test_month_with_regex_metachars_is_safe" time="0.052" /><testcase classname="tests.test_security.TestSEC005_RegexEscape" name="test_month_regex_metachars_export_safe" time="0.052" /><testcase classname="tests.test_security.TestUnauthorized" name="test_face_recognize_no_token" time="0.052" /><testcase classname="tests.test_security.TestUnauthorized" name="test_students_no_token" time="0.047" /><testcase classname="tests.test_security.TestUnauthorized" name="test_attendance_no_token" time="0.047" /><testcase classname="tests.test_security.TestUnauthorized" name="test_export_no_token" time="0.047" /><testcase classname="tests.test_security.TestUnauthorized" name="test_export_student_forbidden" time="0.051" /><testcase classname="tests.test_security_audit2.TestSEC001DataContinuity" name="test_seeded_admin_can_login" time="0.397" /><testcase classname="tests.test_security_audit2.TestSEC001DataContinuity" name="test_seeded_student_aarav_can_login" time="0.269" /><testcase classname="tests.test_security_audit2.TestSEC001DataContinuity" name="test_seeded_students_present_in_list" time="0.316" /><testcase classname="tests.test_security_audit2.TestSEC002RecognizeAdminOnly" name="test_anonymous_401" time="0.051" /><testcase classname="tests.test_security_audit2.TestSEC002RecognizeAdminOnly" name="test_student_token_403" time="0.319" /><testcase classname="tests.test_security_audit2.TestSEC002RecognizeAdminOnly" name="test_admin_still_works_and_dedupes" time="0.514" /><testcase classname="tests.test_security_audit2.TestSEC002MarkSelfImpersonation" name="test_impersonation_no_row_for_either" time="1.159" /><testcase classname="tests.test_security_audit2.TestSEC002MarkSelfImpersonation" name="test_mark_self_matched_no_biometric_and_dedupes" time="0.793" /><testcase classname="tests.test_security_audit2.TestSEC003NoBiometricLeak" name="test_list_students_no_biometric" time="0.052" /><testcase classname="tests.test_security_audit2.TestSEC003NoBiometricLeak" name="test_get_student_by_admin_no_biometric" time="0.094" /><testcase classname="tests.test_security_audit2.TestSEC003NoBiometricLeak" name="test_get_own_profile_student_no_biometric" time="0.099" /><testcase classname="tests.test_security_audit2.TestSEC003NoBiometricLeak" name="test_create_student_response_no_biometric" time="0.454" /><testcase classname="tests.test_security_audit2.TestSEC003NoBiometricLeak" name="test_update_student_response_no_biometric" time="0.460" /><testcase classname="tests.test_security_audit2.TestAuthBoundariesRegression" name="test_student_cannot_hit_admin_endpoints" time="0.158" /><testcase classname="tests.test_security_audit2.TestAuthBoundariesRegression" name="test_student_cannot_create_or_delete_student" time="0.058" /><testcase classname="tests.test_security_audit2.TestAuthBoundariesRegression" name="test_anonymous_cannot_hit_protected" time="1.234" /></testsuite></testsuites>