<?xml version="1.0" encoding="utf-8"?><testsuites name="pytest tests"><testsuite name="pytest" errors="0" failures="0" skipped="0" tests="9" time="5.154" timestamp="2026-07-01T16:04:38.646977+00:00" hostname="agent-env-dab616dd-92ff-4f90-9937-6aa91d108d84"><testcase classname="tests.test_mark_self.TestMarkSelfRoleGating" name="test_anonymous_401" time="0.255" /><testcase classname="tests.test_mark_self.TestMarkSelfRoleGating" name="test_admin_forbidden_403" time="0.709" /><testcase classname="tests.test_mark_self.TestMarkSelfHappyPath" name="test_matched_creates_attendance" time="1.854" /><testcase classname="tests.test_mark_self.TestMarkSelfRoleGating" name="test_short_descriptor_400" time="0.923" /><testcase classname="tests.test_mark_self.TestMarkSelfHappyPath" name="test_second_call_already_marked_no_duplicate" time="0.399" /><testcase classname="tests.test_mark_self.TestMarkSelfNoMatch" name="test_random_descriptor_no_match_no_row" time="1.190" /><testcase classname="tests.test_mark_self.TestMarkSelfNotEnrolled" name="test_not_enrolled_returns_reason" time="0.874" /><testcase classname="tests.test_mark_self.TestRecognizeRegression" name="test_admin_recognize_creates_and_dedupes" time="1.429" /><testcase classname="tests.test_mark_self.TestMarkSelfCrossUser" name="test_other_students_descriptor_does_not_mark_other" time="1.548" /></testsuite></testsuites>