<?xml version="1.0" encoding="utf-8"?><testsuites name="pytest tests"><testsuite name="pytest" errors="0" failures="0" skipped="0" tests="50" time="5.441" timestamp="2026-07-01T15:47:11.656597+00:00" hostname="agent-env-dab616dd-92ff-4f90-9937-6aa91d108d84"><testcase classname="tests.backend_test.TestStudents" name="test_list_students_has_seeded" time="0.609" /><testcase classname="tests.backend_test.TestAttendance" name="test_stats_admin" time="0.652" /><testcase classname="tests.backend_test.TestStudents" name="test_list_students_requires_auth" time="0.087" /><testcase classname="tests.backend_test.TestAttendance" name="test_stats_forbidden_for_student" time="0.499" /><testcase classname="tests.backend_test.TestStudents" name="test_student_cannot_create" time="0.505" /><testcase classname="tests.backend_test.TestAttendance" name="test_list_by_date_and_search" time="0.382" /><testcase classname="tests.backend_test.TestStudents" name="test_admin_create_student" time="0.330" /><testcase classname="tests.backend_test.TestStudents" name="test_duplicate_roll_number" time="0.047" /><testcase classname="tests.backend_test.TestAttendance" name="test_me_stats_student" time="0.048" /><testcase classname="tests.backend_test.TestStudents" name="test_duplicate_email" time="0.085" /><testcase classname="tests.backend_test.TestAttendance" name="test_me_stats_forbidden_for_admin" time="0.042" /><testcase classname="tests.backend_test.TestAttendance" name="test_export_csv_date" time="0.047" /><testcase classname="tests.backend_test.TestStudents" name="test_update_student" time="0.104" /><testcase classname="tests.backend_test.TestAttendance" name="test_export_csv_month" time="0.047" /><testcase classname="tests.backend_test.TestAuth" name="test_admin_login" time="0.000" /><testcase classname="tests.backend_test.TestAuth" name="test_student_login" time="0.001" /><testcase classname="tests.backend_test.TestAuth" name="test_invalid_login" time="0.106" /><testcase classname="tests.test_security.TestSEC003_StudentsAdminOnly" name="test_list_students_no_token_401" time="0.104" /><testcase classname="tests.backend_test.TestAuth" name="test_me_admin" time="0.048" /><testcase classname="tests.backend_test.TestAuth" name="test_me_student" time="0.267" /><testcase classname="tests.test_security.TestSEC003_StudentsAdminOnly" name="test_list_students_student_token_403" time="0.317" /><testcase classname="tests.backend_test.TestAuth" name="test_me_no_token" time="0.087" /><testcase classname="tests.backend_test.TestFace" name="test_enroll_requires_admin" time="0.274" /><testcase classname="tests.test_security.TestSEC003_StudentsAdminOnly" name="test_list_students_admin_token_200" time="0.322" /><testcase classname="tests.backend_test.TestFace" name="test_admin_enroll_face" time="0.169" /><testcase classname="tests.test_security.TestSEC003_StudentsAdminOnly" name="test_student_can_get_own_profile" time="0.099" /><testcase classname="tests.test_security.TestSEC003_StudentsAdminOnly" name="test_student_me_stats_ok" time="0.058" /><testcase classname="tests.test_security.TestSEC003_StudentsAdminOnly" name="test_student_attendance_only_own" time="0.059" /><testcase classname="tests.backend_test.TestFace" name="test_enroll_invalid_descriptor" time="0.043" /><testcase classname="tests.backend_test.TestFace" name="test_recognize_match_and_dedupe" time="0.089" /><testcase classname="tests.test_security.TestSEC003_StudentsAdminOnly" name="test_attendance_no_token_401" time="0.102" /><testcase classname="tests.backend_test.TestFace" name="test_recognize_unmatched" time="0.047" /><testcase classname="tests.test_security.TestSEC005_RegexEscape" name="test_search_with_regex_metachars_is_safe" time="0.092" /><testcase classname="tests.test_security.TestUnauthorized" name="test_face_recognize_no_token" time="0.105" /><testcase classname="tests.test_security.TestSEC005_RegexEscape" name="test_search_with_where_operator_is_safe" time="0.092" /><testcase classname="tests.test_security.TestUnauthorized" name="test_students_no_token" time="0.090" /><testcase classname="tests.test_security.TestSEC005_RegexEscape" name="test_search_with_pipe_alternation_is_literal" time="0.049" /><testcase classname="tests.test_security.TestUnauthorized" name="test_attendance_no_token" time="0.048" /><testcase classname="tests.test_security.TestSEC005_RegexEscape" name="test_month_with_regex_metachars_is_safe" time="0.048" /><testcase classname="tests.test_security.TestUnauthorized" name="test_export_no_token" time="0.049" /><testcase classname="tests.test_security.TestSEC005_RegexEscape" name="test_month_regex_metachars_export_safe" time="0.048" /><testcase classname="tests.test_security.TestSEC002_FaceRecognizeAuth" name="test_recognize_no_token_401" time="0.051" /><testcase classname="tests.test_security.TestSEC002_FaceRecognizeAuth" name="test_recognize_invalid_token_401" time="0.232" /><testcase classname="tests.test_security.TestUnauthorized" name="test_export_student_forbidden" time="0.331" /><testcase classname="tests.test_security.TestSEC002_FaceRecognizeAuth" name="test_recognize_with_student_token_and_enrolled_descriptor" time="1.215" /><testcase classname="tests.test_security.TestSEC004_JWTFromEnv" name="test_admin_login_returns_jwt" time="0.503" /><testcase classname="tests.test_security.TestSEC004_JWTFromEnv" name="test_student_login_returns_jwt" time="0.351" /><testcase classname="tests.test_security.TestSEC004_JWTFromEnv" name="test_tampered_token_rejected" time="0.315" /><testcase classname="tests.backend_test.TestZCleanup" name="test_delete_created_student" time="0.093" /><testcase classname="tests.backend_test.TestZCleanup" name="test_delete_nonexistent" time="0.044" /></testsuite></testsuites>