<?xml version="1.0" encoding="utf-8"?><testsuites name="pytest tests"><testsuite name="pytest" errors="0" failures="0" skipped="0" tests="27" time="2.818" timestamp="2026-07-01T15:34:01.681028+00:00" hostname="agent-env-dab616dd-92ff-4f90-9937-6aa91d108d84"><testcase classname="tests.backend_test.TestAttendance" name="test_stats_admin" time="0.611" /><testcase classname="tests.backend_test.TestStudents" name="test_list_students_has_seeded" time="0.882" /><testcase classname="tests.backend_test.TestAttendance" name="test_stats_forbidden_for_student" time="0.317" /><testcase classname="tests.backend_test.TestStudents" name="test_list_students_requires_auth" time="0.095" /><testcase classname="tests.backend_test.TestAttendance" name="test_list_by_date_and_search" time="0.324" /><testcase classname="tests.backend_test.TestStudents" name="test_student_cannot_create" time="0.367" /><testcase classname="tests.backend_test.TestAttendance" name="test_me_stats_student" time="0.047" /><testcase classname="tests.backend_test.TestAttendance" name="test_me_stats_forbidden_for_admin" time="0.043" /><testcase classname="tests.backend_test.TestStudents" name="test_admin_create_student" time="0.323" /><testcase classname="tests.backend_test.TestAttendance" name="test_export_csv_date" time="0.045" /><testcase classname="tests.backend_test.TestAttendance" name="test_export_csv_month" time="0.227" /><testcase classname="tests.backend_test.TestAuth" name="test_admin_login" time="0.000" /><testcase classname="tests.backend_test.TestAuth" name="test_student_login" time="0.000" /><testcase classname="tests.backend_test.TestAuth" name="test_invalid_login" time="0.048" /><testcase classname="tests.backend_test.TestAuth" name="test_me_admin" time="0.052" /><testcase classname="tests.backend_test.TestStudents" name="test_duplicate_roll_number" time="0.052" /><testcase classname="tests.backend_test.TestAuth" name="test_me_student" time="0.051" /><testcase classname="tests.backend_test.TestStudents" name="test_duplicate_email" time="0.047" /><testcase classname="tests.backend_test.TestStudents" name="test_update_student" time="0.139" /><testcase classname="tests.backend_test.TestAuth" name="test_me_no_token" time="0.088" /><testcase classname="tests.backend_test.TestFace" name="test_enroll_requires_admin" time="0.094" /><testcase classname="tests.backend_test.TestZCleanup" name="test_delete_created_student" time="0.099" /><testcase classname="tests.backend_test.TestFace" name="test_admin_enroll_face" time="0.097" /><testcase classname="tests.backend_test.TestZCleanup" name="test_delete_nonexistent" time="0.053" /><testcase classname="tests.backend_test.TestFace" name="test_enroll_invalid_descriptor" time="0.087" /><testcase classname="tests.backend_test.TestFace" name="test_recognize_match_and_dedupe" time="0.091" /><testcase classname="tests.backend_test.TestFace" name="test_recognize_unmatched" time="0.043" /></testsuite></testsuites>