<?xml version="1.0" encoding="utf-8"?><testsuites name="pytest tests"><testsuite name="pytest" errors="0" failures="0" skipped="0" tests="16" time="6.657" timestamp="2026-07-01T16:21:20.153205+00:00" hostname="agent-env-dab616dd-92ff-4f90-9937-6aa91d108d84"><testcase classname="tests.test_security_audit2.TestSEC001DataContinuity" name="test_seeded_admin_can_login" time="0.655" /><testcase classname="tests.test_security_audit2.TestSEC003NoBiometricLeak" name="test_list_students_no_biometric" time="0.660" /><testcase classname="tests.test_security_audit2.TestSEC001DataContinuity" name="test_seeded_student_aarav_can_login" time="0.269" /><testcase classname="tests.test_security_audit2.TestSEC003NoBiometricLeak" name="test_get_student_by_admin_no_biometric" time="0.538" /><testcase classname="tests.test_security_audit2.TestSEC001DataContinuity" name="test_seeded_students_present_in_list" time="0.323" /><testcase classname="tests.test_security_audit2.TestSEC002RecognizeAdminOnly" name="test_anonymous_401" time="0.231" /><testcase classname="tests.test_security_audit2.TestSEC003NoBiometricLeak" name="test_get_own_profile_student_no_biometric" time="0.606" /><testcase classname="tests.test_security_audit2.TestSEC002RecognizeAdminOnly" name="test_student_token_403" time="0.355" /><testcase classname="tests.test_security_audit2.TestSEC003NoBiometricLeak" name="test_create_student_response_no_biometric" time="0.708" /><testcase classname="tests.test_security_audit2.TestSEC002RecognizeAdminOnly" name="test_admin_still_works_and_dedupes" time="1.088" /><testcase classname="tests.test_security_audit2.TestSEC003NoBiometricLeak" name="test_update_student_response_no_biometric" time="0.505" /><testcase classname="tests.test_security_audit2.TestAuthBoundariesRegression" name="test_student_cannot_hit_admin_endpoints" time="0.137" /><testcase classname="tests.test_security_audit2.TestSEC002MarkSelfImpersonation" name="test_impersonation_no_row_for_either" time="1.949" /><testcase classname="tests.test_security_audit2.TestAuthBoundariesRegression" name="test_student_cannot_create_or_delete_student" time="0.243" /><testcase classname="tests.test_security_audit2.TestAuthBoundariesRegression" name="test_anonymous_cannot_hit_protected" time="0.505" /><testcase classname="tests.test_security_audit2.TestSEC002MarkSelfImpersonation" name="test_mark_self_matched_no_biometric_and_dedupes" time="1.180" /></testsuite></testsuites>