<?xml version="1.0" encoding="utf-8"?><testsuites name="pytest tests"><testsuite name="pytest" errors="0" failures="1" skipped="0" tests="16" time="5.803" timestamp="2026-07-01T16:18:17.512534+00:00" hostname="agent-env-dab616dd-92ff-4f90-9937-6aa91d108d84"><testcase classname="tests.test_security_audit2.TestSEC001DataContinuity" name="test_seeded_admin_can_login" time="0.519" /><testcase classname="tests.test_security_audit2.TestSEC001DataContinuity" name="test_seeded_student_aarav_can_login" time="0.460" /><testcase classname="tests.test_security_audit2.TestSEC003NoBiometricLeak" name="test_list_students_no_biometric" time="0.983"><failure message="AssertionError: list row id=cc52d040-2d99-4670-8c22-a56d96bdab3a: biometric key 'face_image' leaked in response body keys=['id', 'name', 'roll_number', 'email', 'course', 'phone', 'face_enrolled', 'face_image', 'created_at']&#10;assert 'face_image' not in {'id': 'cc52d040-2d99-4670-8c22-a56d96bdab3a', 'name': 'TEST_Student One', 'roll_number': 'TESTROLL001', 'email': 'test_student1@college.edu', ...}">backend/tests/test_security_audit2.py:247: in test_list_students_no_biometric
    _assert_no_biometric(row, f"list row id={row.get('id')}")
backend/tests/test_security_audit2.py:31: in _assert_no_biometric
    assert k not in payload, f"{ctx}: biometric key '{k}' leaked in response body keys={list(payload.keys())}"
E   AssertionError: list row id=cc52d040-2d99-4670-8c22-a56d96bdab3a: biometric key 'face_image' leaked in response body keys=['id', 'name', 'roll_number', 'email', 'course', 'phone', 'face_enrolled', 'face_image', 'created_at']
E   assert 'face_image' not in {'id': 'cc52d040-2d99-4670-8c22-a56d96bdab3a', 'name': 'TEST_Student One', 'roll_number': 'TESTROLL001', 'email': 'test_student1@college.edu', ...}</failure></testcase><testcase classname="tests.test_security_audit2.TestSEC003NoBiometricLeak" name="test_get_student_by_admin_no_biometric" time="0.309" /><testcase classname="tests.test_security_audit2.TestSEC001DataContinuity" name="test_seeded_students_present_in_list" time="0.321" /><testcase classname="tests.test_security_audit2.TestSEC002RecognizeAdminOnly" name="test_anonymous_401" time="0.052" /><testcase classname="tests.test_security_audit2.TestSEC002RecognizeAdminOnly" name="test_student_token_403" time="0.517" /><testcase classname="tests.test_security_audit2.TestSEC003NoBiometricLeak" name="test_get_own_profile_student_no_biometric" time="0.609" /><testcase classname="tests.test_security_audit2.TestSEC002RecognizeAdminOnly" name="test_admin_still_works_and_dedupes" time="0.955" /><testcase classname="tests.test_security_audit2.TestSEC003NoBiometricLeak" name="test_create_student_response_no_biometric" time="0.623" /><testcase classname="tests.test_security_audit2.TestSEC003NoBiometricLeak" name="test_update_student_response_no_biometric" time="0.479" /><testcase classname="tests.test_security_audit2.TestAuthBoundariesRegression" name="test_student_cannot_hit_admin_endpoints" time="0.140" /><testcase classname="tests.test_security_audit2.TestAuthBoundariesRegression" name="test_student_cannot_create_or_delete_student" time="0.090" /><testcase classname="tests.test_security_audit2.TestSEC002MarkSelfImpersonation" name="test_impersonation_no_row_for_either" time="1.338" /><testcase classname="tests.test_security_audit2.TestAuthBoundariesRegression" name="test_anonymous_cannot_hit_protected" time="0.676" /><testcase classname="tests.test_security_audit2.TestSEC002MarkSelfImpersonation" name="test_mark_self_matched_no_biometric_and_dedupes" time="0.870" /></testsuite></testsuites>