<?xml version="1.0" encoding="utf-8"?><testsuites name="pytest tests"><testsuite name="pytest" errors="0" failures="0" skipped="0" tests="23" time="3.254" timestamp="2026-07-01T15:45:59.376642+00:00" hostname="agent-env-dab616dd-92ff-4f90-9937-6aa91d108d84"><testcase classname="tests.test_security.TestSEC003_StudentsAdminOnly" name="test_list_students_no_token_401" time="0.238" /><testcase classname="tests.test_security.TestSEC005_RegexEscape" name="test_search_with_regex_metachars_is_safe" time="0.730" /><testcase classname="tests.test_security.TestSEC003_StudentsAdminOnly" name="test_list_students_student_token_403" time="0.533" /><testcase classname="tests.test_security.TestSEC005_RegexEscape" name="test_search_with_where_operator_is_safe" time="0.084" /><testcase classname="tests.test_security.TestSEC005_RegexEscape" name="test_search_with_pipe_alternation_is_literal" time="0.229" /><testcase classname="tests.test_security.TestSEC003_StudentsAdminOnly" name="test_list_students_admin_token_200" time="0.320" /><testcase classname="tests.test_security.TestSEC005_RegexEscape" name="test_month_with_regex_metachars_is_safe" time="0.048" /><testcase classname="tests.test_security.TestSEC005_RegexEscape" name="test_month_regex_metachars_export_safe" time="0.049" /><testcase classname="tests.test_security.TestSEC003_StudentsAdminOnly" name="test_student_can_get_own_profile" time="0.096" /><testcase classname="tests.test_security.TestUnauthorized" name="test_face_recognize_no_token" time="0.045" /><testcase classname="tests.test_security.TestUnauthorized" name="test_students_no_token" time="0.046" /><testcase classname="tests.test_security.TestSEC003_StudentsAdminOnly" name="test_student_me_stats_ok" time="0.050" /><testcase classname="tests.test_security.TestUnauthorized" name="test_attendance_no_token" time="0.083" /><testcase classname="tests.test_security.TestSEC003_StudentsAdminOnly" name="test_student_attendance_only_own" time="0.047" /><testcase classname="tests.test_security.TestSEC003_StudentsAdminOnly" name="test_attendance_no_token_401" time="0.088" /><testcase classname="tests.test_security.TestUnauthorized" name="test_export_no_token" time="0.042" /><testcase classname="tests.test_security.TestSEC002_FaceRecognizeAuth" name="test_recognize_no_token_401" time="0.249" /><testcase classname="tests.test_security.TestUnauthorized" name="test_export_student_forbidden" time="0.310" /><testcase classname="tests.test_security.TestSEC002_FaceRecognizeAuth" name="test_recognize_invalid_token_401" time="0.091" /><testcase classname="tests.test_security.TestSEC004_JWTFromEnv" name="test_admin_login_returns_jwt" time="0.502" /><testcase classname="tests.test_security.TestSEC002_FaceRecognizeAuth" name="test_recognize_with_student_token_and_enrolled_descriptor" time="0.962" /><testcase classname="tests.test_security.TestSEC004_JWTFromEnv" name="test_student_login_returns_jwt" time="0.357" /><testcase classname="tests.test_security.TestSEC004_JWTFromEnv" name="test_tampered_token_rejected" time="0.079" /></testsuite></testsuites>